<?xml version="1.0" encoding="UTF-8"?>
<!-- Generated by org.testng.reporters.JUnitReportReporter -->
<testsuite hostname="Nexus-Lite" failures="0" tests="2" name="TestClass.T02_SyncCreateFileTest" time="59.681" errors="0" timestamp="2024-07-28T03:06:55 IST" skipped="0">
  <testcase classname="TestClass.T02_SyncCreateFileTest" name="validateCreateFileFunctionality" time="36.847"/>
  <testcase classname="TestClass.T02_SyncCreateFileTest" name="validateDeleteFileFunctionality" time="22.834"/>
</testsuite> <!-- TestClass.T02_SyncCreateFileTest -->
