<?xml version="1.0" encoding="UTF-8"?>
<!-- Generated by org.testng.reporters.JUnitReportReporter -->
<testsuite hostname="Nexus-Lite" failures="0" tests="2" name="TestClass.T01_SyncLoginTest" time="36.933" errors="0" timestamp="2024-07-28T18:18:33 IST" skipped="0">
  <testcase classname="TestClass.T01_SyncLoginTest" name="signInWithCorrectCredentialsTest" time="16.817"/>
  <testcase classname="TestClass.T01_SyncLoginTest" name="signoutFromSyncTest" time="20.116"/>
</testsuite> <!-- TestClass.T01_SyncLoginTest -->
