<?xml version="1.0" encoding="UTF-8"?>
<!-- Generated by org.testng.reporters.JUnitReportReporter -->
<testsuite hostname="Nexus-Lite" failures="0" tests="2" name="TestClass.T01_SyncLoginTest" time="34.154" errors="0" timestamp="2024-07-28T18:26:29 IST" skipped="0">
  <testcase classname="TestClass.T01_SyncLoginTest" name="signInWithCorrectCredentialsTest" time="15.039"/>
  <testcase classname="TestClass.T01_SyncLoginTest" name="signoutFromSyncTest" time="19.115"/>
</testsuite> <!-- TestClass.T01_SyncLoginTest -->
