<?xml version="1.0" encoding="UTF-8"?>
<!-- Generated by org.testng.reporters.JUnitReportReporter -->
<testsuite hostname="Nexus-Lite" failures="0" tests="4" name="TestClass.T01_SyncLoginTest" time="80.998" errors="0" timestamp="2024-07-27T16:49:07 IST" skipped="0">
  <testcase classname="TestClass.T01_SyncLoginTest" name="signInWithCorrectCredentialsTest" time="19.605"/>
  <testcase classname="TestClass.T01_SyncLoginTest" name="signInWithIncorrectPasswordTest" time="22.955"/>
  <testcase classname="TestClass.T01_SyncLoginTest" name="signInWithIncorrectUsernameTest" time="19.412"/>
  <testcase classname="TestClass.T01_SyncLoginTest" name="signoutFromSyncTest" time="19.026"/>
</testsuite> <!-- TestClass.T01_SyncLoginTest -->
