<?xml version="1.0" encoding="UTF-8"?>
<!-- Generated by org.testng.reporters.JUnitReportReporter -->
<testsuite hostname="Nexus-Lite" failures="0" tests="2" name="TestClass.T01_SyncLoginTest" time="34.532" errors="0" timestamp="2024-07-29T04:59:26 IST" skipped="0">
  <testcase classname="TestClass.T01_SyncLoginTest" name="signInWithCorrectCredentialsTest" time="15.488"/>
  <testcase classname="TestClass.T01_SyncLoginTest" name="signoutFromSyncTest" time="19.044"/>
</testsuite> <!-- TestClass.T01_SyncLoginTest -->
