<?xml version="1.0" encoding="UTF-8"?>
<!-- Generated by org.testng.reporters.JUnitReportReporter -->
<testsuite hostname="Nexus-Lite" failures="0" tests="2" name="TestClass.T02_SyncCreateFileTest" time="41.576" errors="0" timestamp="2024-07-29T04:59:26 IST" skipped="0">
  <testcase classname="TestClass.T02_SyncCreateFileTest" name="validateCreateFileFunctionality" time="20.091"/>
  <testcase classname="TestClass.T02_SyncCreateFileTest" name="validateDeleteFileFunctionality" time="21.485"/>
</testsuite> <!-- TestClass.T02_SyncCreateFileTest -->
