<?xml version="1.0" encoding="UTF-8"?>
<!-- Generated by org.testng.reporters.JUnitReportReporter -->
<testsuite hostname="Nexus-Lite" failures="0" tests="2" name="TestClass.T01_SyncLoginTest" time="33.633" errors="0" timestamp="2024-07-28T03:18:31 IST" skipped="0">
  <testcase classname="TestClass.T01_SyncLoginTest" name="signInWithCorrectCredentialsTest" time="13.835"/>
  <testcase classname="TestClass.T01_SyncLoginTest" name="signoutFromSyncTest" time="19.798"/>
</testsuite> <!-- TestClass.T01_SyncLoginTest -->
